<?xml version="1.0" encoding="UTF-8"?>
<testng-results ignored="0" total="5" passed="5" failed="0" skipped="0">
  <reporter-output>
    <line>
      <![CDATA[URL is matching and test case is passed.]]>
    </line>
    <line>
      <![CDATA[Title is matching and test case is passed.]]>
    </line>
    <line>
      <![CDATA[Login is successeful and test case is passed.]]>
    </line>
    <line>
      <![CDATA[Title is matching and test case passed]]>
    </line>
  </reporter-output>
  <suite started-at="2023-11-21T10:41:18 EST" name="Suite" finished-at="2023-11-21T10:42:34 EST" duration-ms="75470">
    <groups>
      <group name="regression">
        <method signature="Parameterization.urlValidation()[pri:2, instance:TestNG.Parameterization@1e6a3214]" name="urlValidation" class="TestNG.Parameterization"/>
        <method signature="Parameterization.titleValidation()[pri:3, instance:TestNG.Parameterization@1e6a3214]" name="titleValidation" class="TestNG.Parameterization"/>
        <method signature="Parameterization.loginValidation()[pri:4, instance:TestNG.Parameterization@1e6a3214]" name="loginValidation" class="TestNG.Parameterization"/>
        <method signature="Parameterization.adminTabValidation()[pri:5, instance:TestNG.Parameterization@1e6a3214]" name="adminTabValidation" class="TestNG.Parameterization"/>
        <method signature="Parameterization.logout()[pri:6, instance:TestNG.Parameterization@1e6a3214]" name="logout" class="TestNG.Parameterization"/>
      </group> <!-- regression -->
      <group name="smoke">
        <method signature="Parameterization.urlValidation()[pri:2, instance:TestNG.Parameterization@1e6a3214]" name="urlValidation" class="TestNG.Parameterization"/>
        <method signature="Parameterization.titleValidation()[pri:3, instance:TestNG.Parameterization@1e6a3214]" name="titleValidation" class="TestNG.Parameterization"/>
        <method signature="Parameterization.adminTabValidation()[pri:5, instance:TestNG.Parameterization@1e6a3214]" name="adminTabValidation" class="TestNG.Parameterization"/>
      </group> <!-- smoke -->
    </groups>
    <test started-at="2023-11-21T10:41:18 EST" name="Test" finished-at="2023-11-21T10:42:34 EST" duration-ms="75470">
      <class name="TestNG.Parameterization">
        <test-method is-config="true" signature="launchBrowser(java.lang.String,java.lang.String)[pri:0, instance:TestNG.Parameterization@1e6a3214]" started-at="2023-11-21T10:41:18 EST" name="launchBrowser" finished-at="2023-11-21T10:42:16 EST" duration-ms="57404" status="PASS">
          <params>
            <param index="0">
              <value>
                <![CDATA[firefox]]>
              </value>
            </param>
            <param index="1">
              <value>
                <![CDATA[https://opensource-demo.orangehrmlive.com/web/index.php/auth/login]]>
              </value>
            </param>
          </params>
          <reporter-output>
          </reporter-output>
        </test-method> <!-- launchBrowser -->
        <test-method signature="urlValidation()[pri:2, instance:TestNG.Parameterization@1e6a3214]" started-at="2023-11-21T10:42:16 EST" name="urlValidation" finished-at="2023-11-21T10:42:16 EST" duration-ms="96" status="PASS">
          <reporter-output>
            <line>
              <![CDATA[URL is matching and test case is passed.]]>
            </line>
          </reporter-output>
        </test-method> <!-- urlValidation -->
        <test-method signature="titleValidation()[pri:3, instance:TestNG.Parameterization@1e6a3214]" started-at="2023-11-21T10:42:16 EST" name="titleValidation" finished-at="2023-11-21T10:42:16 EST" duration-ms="53" status="PASS">
          <reporter-output>
            <line>
              <![CDATA[Title is matching and test case is passed.]]>
            </line>
          </reporter-output>
        </test-method> <!-- titleValidation -->
        <test-method signature="loginValidation()[pri:4, instance:TestNG.Parameterization@1e6a3214]" started-at="2023-11-21T10:42:16 EST" name="loginValidation" finished-at="2023-11-21T10:42:22 EST" duration-ms="5269" status="PASS">
          <reporter-output>
            <line>
              <![CDATA[Login is successeful and test case is passed.]]>
            </line>
          </reporter-output>
        </test-method> <!-- loginValidation -->
        <test-method signature="adminTabValidation()[pri:5, instance:TestNG.Parameterization@1e6a3214]" started-at="2023-11-21T10:42:22 EST" name="adminTabValidation" finished-at="2023-11-21T10:42:25 EST" duration-ms="3622" status="PASS">
          <reporter-output>
            <line>
              <![CDATA[Title is matching and test case passed]]>
            </line>
          </reporter-output>
        </test-method> <!-- adminTabValidation -->
        <test-method signature="logout()[pri:6, instance:TestNG.Parameterization@1e6a3214]" started-at="2023-11-21T10:42:25 EST" name="logout" finished-at="2023-11-21T10:42:29 EST" duration-ms="3480" status="PASS">
          <reporter-output>
          </reporter-output>
        </test-method> <!-- logout -->
        <test-method is-config="true" signature="tearDown()[pri:0, instance:TestNG.Parameterization@1e6a3214]" started-at="2023-11-21T10:42:29 EST" name="tearDown" finished-at="2023-11-21T10:42:34 EST" duration-ms="4794" status="PASS">
          <reporter-output>
          </reporter-output>
        </test-method> <!-- tearDown -->
      </class> <!-- TestNG.Parameterization -->
    </test> <!-- Test -->
  </suite> <!-- Suite -->
</testng-results>
