<?xml version="1.0" encoding="UTF-8"?>
<!-- Generated by org.testng.reporters.JUnitXMLReporter -->
<testsuite ignored="0" hostname="Yasmins-Air" failures="0" tests="5" name="Test" time="75.47" errors="0" timestamp="2023-11-21T10:42:34 EST">
  <testcase classname="TestNG.Parameterization" name="urlValidation" time="0.096"/>
  <testcase classname="TestNG.Parameterization" name="titleValidation" time="0.053"/>
  <testcase classname="TestNG.Parameterization" name="loginValidation" time="5.269"/>
  <testcase classname="TestNG.Parameterization" name="adminTabValidation" time="3.622"/>
  <testcase classname="TestNG.Parameterization" name="logout" time="3.48"/>
</testsuite> <!-- Test -->
